g:\quake3\quake-iii-arena\code\renderer\debug_ta\renderer.bsc
g:\quake3\quake-iii-arena\code\renderer\debug_ta\renderer.pdb
g:\quake3\quake-iii-arena\code\renderer\debug_ta\renderer.idb
g:\quake3\quake-iii-arena\code\renderer\debug_ta\jcapimin.sbr
g:\quake3\quake-iii-arena\code\renderer\debug_ta\jccoefct.sbr
g:\quake3\quake-iii-arena\code\renderer\debug_ta\jccolor.sbr
g:\quake3\quake-iii-arena\code\renderer\debug_ta\jcdctmgr.sbr
g:\quake3\quake-iii-arena\code\renderer\debug_ta\jchuff.sbr
g:\quake3\quake-iii-arena\code\renderer\debug_ta\jcinit.sbr
g:\quake3\quake-iii-arena\code\renderer\debug_ta\jcmainct.sbr
g:\quake3\quake-iii-arena\code\renderer\debug_ta\jcmarker.sbr
g:\quake3\quake-iii-arena\code\renderer\debug_ta\jcmaster.sbr
g:\quake3\quake-iii-arena\code\renderer\debug_ta\jcomapi.sbr
g:\quake3\quake-iii-arena\code\renderer\debug_ta\jcparam.sbr
g:\quake3\quake-iii-arena\code\renderer\debug_ta\jcphuff.sbr
g:\quake3\quake-iii-arena\code\renderer\debug_ta\jcprepct.sbr
g:\quake3\quake-iii-arena\code\renderer\debug_ta\jcsample.sbr
g:\quake3\quake-iii-arena\code\renderer\debug_ta\jctrans.sbr
g:\quake3\quake-iii-arena\code\renderer\debug_ta\jdapimin.sbr
g:\quake3\quake-iii-arena\code\renderer\debug_ta\jdapistd.sbr
g:\quake3\quake-iii-arena\code\renderer\debug_ta\jdatadst.sbr
g:\quake3\quake-iii-arena\code\renderer\debug_ta\jdatasrc.sbr
g:\quake3\quake-iii-arena\code\renderer\debug_ta\jdcoefct.sbr
g:\quake3\quake-iii-arena\code\renderer\debug_ta\jdcoefct.obj
g:\quake3\quake-iii-arena\code\renderer\debug_ta\jdatasrc.obj
g:\quake3\quake-iii-arena\code\renderer\debug_ta\jdatadst.obj
g:\quake3\quake-iii-arena\code\renderer\debug_ta\jdapistd.obj
g:\quake3\quake-iii-arena\code\renderer\debug_ta\jdapimin.obj
g:\quake3\quake-iii-arena\code\renderer\debug_ta\jctrans.obj
g:\quake3\quake-iii-arena\code\renderer\debug_ta\jcsample.obj
g:\quake3\quake-iii-arena\code\renderer\debug_ta\jcprepct.obj
g:\quake3\quake-iii-arena\code\renderer\debug_ta\jcphuff.obj
g:\quake3\quake-iii-arena\code\renderer\debug_ta\jcparam.obj
g:\quake3\quake-iii-arena\code\renderer\debug_ta\jcomapi.obj
g:\quake3\quake-iii-arena\code\renderer\debug_ta\jcmaster.obj
g:\quake3\quake-iii-arena\code\renderer\debug_ta\jcmarker.obj
g:\quake3\quake-iii-arena\code\renderer\debug_ta\jcmainct.obj
g:\quake3\quake-iii-arena\code\renderer\debug_ta\jcinit.obj
g:\quake3\quake-iii-arena\code\renderer\debug_ta\jchuff.obj
g:\quake3\quake-iii-arena\code\renderer\debug_ta\jcdctmgr.obj
g:\quake3\quake-iii-arena\code\renderer\debug_ta\jccolor.obj
g:\quake3\quake-iii-arena\code\renderer\debug_ta\jccoefct.obj
g:\quake3\quake-iii-arena\code\renderer\debug_ta\jcapimin.obj
g:\quake3\quake-iii-arena\code\renderer\debug_ta\jdcolor.sbr
g:\quake3\quake-iii-arena\code\renderer\debug_ta\jddctmgr.sbr
g:\quake3\quake-iii-arena\code\renderer\debug_ta\jdhuff.sbr
g:\quake3\quake-iii-arena\code\renderer\debug_ta\jdinput.sbr
g:\quake3\quake-iii-arena\code\renderer\debug_ta\jdmainct.sbr
g:\quake3\quake-iii-arena\code\renderer\debug_ta\jdmarker.sbr
g:\quake3\quake-iii-arena\code\renderer\debug_ta\jdmaster.sbr
g:\quake3\quake-iii-arena\code\renderer\debug_ta\jdpostct.sbr
g:\quake3\quake-iii-arena\code\renderer\debug_ta\jdsample.sbr
g:\quake3\quake-iii-arena\code\renderer\debug_ta\jdtrans.sbr
g:\quake3\quake-iii-arena\code\renderer\debug_ta\jerror.sbr
g:\quake3\quake-iii-arena\code\renderer\debug_ta\jfdctflt.sbr
g:\quake3\quake-iii-arena\code\renderer\debug_ta\jidctflt.sbr
g:\quake3\quake-iii-arena\code\renderer\debug_ta\jmemmgr.sbr
g:\quake3\quake-iii-arena\code\renderer\debug_ta\jmemnobs.sbr
g:\quake3\quake-iii-arena\code\renderer\debug_ta\jutils.sbr
g:\quake3\quake-iii-arena\code\renderer\debug_ta\win_gamma.sbr
g:\quake3\quake-iii-arena\code\renderer\debug_ta\win_glimp.sbr
g:\quake3\quake-iii-arena\code\renderer\debug_ta\win_qgl.sbr
g:\quake3\quake-iii-arena\code\renderer\debug_ta\tr_animation.sbr
g:\quake3\quake-iii-arena\code\renderer\debug_ta\tr_animation.obj
g:\quake3\quake-iii-arena\code\renderer\debug_ta\win_qgl.obj
g:\quake3\quake-iii-arena\code\renderer\debug_ta\win_glimp.obj
g:\quake3\quake-iii-arena\code\renderer\debug_ta\win_gamma.obj
g:\quake3\quake-iii-arena\code\renderer\debug_ta\jutils.obj
g:\quake3\quake-iii-arena\code\renderer\debug_ta\jmemnobs.obj
g:\quake3\quake-iii-arena\code\renderer\debug_ta\jmemmgr.obj
g:\quake3\quake-iii-arena\code\renderer\debug_ta\jidctflt.obj
g:\quake3\quake-iii-arena\code\renderer\debug_ta\jfdctflt.obj
g:\quake3\quake-iii-arena\code\renderer\debug_ta\jerror.obj
g:\quake3\quake-iii-arena\code\renderer\debug_ta\jdtrans.obj
g:\quake3\quake-iii-arena\code\renderer\debug_ta\jdsample.obj
g:\quake3\quake-iii-arena\code\renderer\debug_ta\jdpostct.obj
g:\quake3\quake-iii-arena\code\renderer\debug_ta\jdmaster.obj
g:\quake3\quake-iii-arena\code\renderer\debug_ta\jdmarker.obj
g:\quake3\quake-iii-arena\code\renderer\debug_ta\jdmainct.obj
g:\quake3\quake-iii-arena\code\renderer\debug_ta\jdinput.obj
g:\quake3\quake-iii-arena\code\renderer\debug_ta\jdhuff.obj
g:\quake3\quake-iii-arena\code\renderer\debug_ta\jddctmgr.obj
g:\quake3\quake-iii-arena\code\renderer\debug_ta\jdcolor.obj
g:\quake3\quake-iii-arena\code\renderer\debug_ta\tr_backend.sbr
g:\quake3\quake-iii-arena\code\renderer\debug_ta\tr_bsp.sbr
g:\quake3\quake-iii-arena\code\renderer\debug_ta\tr_cmds.sbr
g:\quake3\quake-iii-arena\code\renderer\debug_ta\tr_curve.sbr
g:\quake3\quake-iii-arena\code\renderer\debug_ta\tr_flares.sbr
g:\quake3\quake-iii-arena\code\renderer\debug_ta\tr_font.sbr
g:\quake3\quake-iii-arena\code\renderer\debug_ta\tr_image.sbr
g:\quake3\quake-iii-arena\code\renderer\debug_ta\tr_init.sbr
g:\quake3\quake-iii-arena\code\renderer\debug_ta\tr_light.sbr
g:\quake3\quake-iii-arena\code\renderer\debug_ta\tr_main.sbr
g:\quake3\quake-iii-arena\code\renderer\debug_ta\tr_marks.sbr
g:\quake3\quake-iii-arena\code\renderer\debug_ta\tr_mesh.sbr
g:\quake3\quake-iii-arena\code\renderer\debug_ta\tr_model.sbr
g:\quake3\quake-iii-arena\code\renderer\debug_ta\tr_noise.sbr
g:\quake3\quake-iii-arena\code\renderer\debug_ta\tr_scene.sbr
g:\quake3\quake-iii-arena\code\renderer\debug_ta\tr_shade.sbr
g:\quake3\quake-iii-arena\code\renderer\debug_ta\tr_shader.sbr
g:\quake3\quake-iii-arena\code\renderer\debug_ta\tr_shade_calc.sbr
g:\quake3\quake-iii-arena\code\renderer\debug_ta\tr_shadows.sbr
g:\quake3\quake-iii-arena\code\renderer\debug_ta\tr_sky.sbr
g:\quake3\quake-iii-arena\code\renderer\debug_ta\tr_sky.obj
g:\quake3\quake-iii-arena\code\renderer\debug_ta\tr_shadows.obj
g:\quake3\quake-iii-arena\code\renderer\debug_ta\tr_shade_calc.obj
g:\quake3\quake-iii-arena\code\renderer\debug_ta\tr_shader.obj
g:\quake3\quake-iii-arena\code\renderer\debug_ta\tr_shade.obj
g:\quake3\quake-iii-arena\code\renderer\debug_ta\tr_scene.obj
g:\quake3\quake-iii-arena\code\renderer\debug_ta\tr_noise.obj
g:\quake3\quake-iii-arena\code\renderer\debug_ta\tr_model.obj
g:\quake3\quake-iii-arena\code\renderer\debug_ta\tr_mesh.obj
g:\quake3\quake-iii-arena\code\renderer\debug_ta\tr_marks.obj
g:\quake3\quake-iii-arena\code\renderer\debug_ta\tr_main.obj
g:\quake3\quake-iii-arena\code\renderer\debug_ta\tr_light.obj
g:\quake3\quake-iii-arena\code\renderer\debug_ta\tr_init.obj
g:\quake3\quake-iii-arena\code\renderer\debug_ta\tr_image.obj
g:\quake3\quake-iii-arena\code\renderer\debug_ta\tr_font.obj
g:\quake3\quake-iii-arena\code\renderer\debug_ta\tr_flares.obj
g:\quake3\quake-iii-arena\code\renderer\debug_ta\tr_curve.obj
g:\quake3\quake-iii-arena\code\renderer\debug_ta\tr_cmds.obj
g:\quake3\quake-iii-arena\code\renderer\debug_ta\tr_bsp.obj
g:\quake3\quake-iii-arena\code\renderer\debug_ta\tr_backend.obj
g:\quake3\quake-iii-arena\code\renderer\debug_ta\tr_surface.sbr
g:\quake3\quake-iii-arena\code\renderer\debug_ta\tr_world.sbr
g:\quake3\quake-iii-arena\code\renderer\debug_ta\tr_world.obj
g:\quake3\quake-iii-arena\code\renderer\debug_ta\tr_surface.obj
g:\quake3\quake-iii-arena\code\renderer\debug_ta\renderer.lib
g:\quake3\quake-iii-arena\code\renderer\debug_ta\renderer.tlog\bscmake.command.1.tlog
g:\quake3\quake-iii-arena\code\renderer\debug_ta\renderer.tlog\bscmake.read.1.tlog
g:\quake3\quake-iii-arena\code\renderer\debug_ta\renderer.tlog\bscmake.write.1.tlog
g:\quake3\quake-iii-arena\code\renderer\debug_ta\renderer.tlog\cl.command.1.tlog
g:\quake3\quake-iii-arena\code\renderer\debug_ta\renderer.tlog\cl.read.1.tlog
g:\quake3\quake-iii-arena\code\renderer\debug_ta\renderer.tlog\cl.write.1.tlog
g:\quake3\quake-iii-arena\code\renderer\debug_ta\renderer.tlog\lib-link.read.1.tlog
g:\quake3\quake-iii-arena\code\renderer\debug_ta\renderer.tlog\lib-link.write.1.tlog
g:\quake3\quake-iii-arena\code\renderer\debug_ta\renderer.tlog\lib.command.1.tlog
