g:\quake3\quake-iii-arena\code\botlib\debug_ta\botlib.bsc
g:\quake3\quake-iii-arena\code\botlib\debug_ta\botlib.pdb
g:\quake3\quake-iii-arena\code\botlib\debug_ta\botlib.idb
g:\quake3\quake-iii-arena\code\botlib\debug_ta\be_aas_bspq3.sbr
g:\quake3\quake-iii-arena\code\botlib\debug_ta\be_aas_cluster.sbr
g:\quake3\quake-iii-arena\code\botlib\debug_ta\be_aas_debug.sbr
g:\quake3\quake-iii-arena\code\botlib\debug_ta\be_aas_entity.sbr
g:\quake3\quake-iii-arena\code\botlib\debug_ta\be_aas_file.sbr
g:\quake3\quake-iii-arena\code\botlib\debug_ta\be_aas_main.sbr
g:\quake3\quake-iii-arena\code\botlib\debug_ta\be_aas_move.sbr
g:\quake3\quake-iii-arena\code\botlib\debug_ta\be_aas_optimize.sbr
g:\quake3\quake-iii-arena\code\botlib\debug_ta\be_aas_reach.sbr
g:\quake3\quake-iii-arena\code\botlib\debug_ta\be_aas_route.sbr
g:\quake3\quake-iii-arena\code\botlib\debug_ta\be_aas_routealt.sbr
g:\quake3\quake-iii-arena\code\botlib\debug_ta\be_aas_sample.sbr
g:\quake3\quake-iii-arena\code\botlib\debug_ta\be_ai_char.sbr
g:\quake3\quake-iii-arena\code\botlib\debug_ta\be_ai_chat.sbr
g:\quake3\quake-iii-arena\code\botlib\debug_ta\be_ai_gen.sbr
g:\quake3\quake-iii-arena\code\botlib\debug_ta\be_ai_goal.sbr
g:\quake3\quake-iii-arena\code\botlib\debug_ta\be_ai_move.sbr
g:\quake3\quake-iii-arena\code\botlib\debug_ta\be_ai_weap.sbr
g:\quake3\quake-iii-arena\code\botlib\debug_ta\be_ai_weight.sbr
g:\quake3\quake-iii-arena\code\botlib\debug_ta\be_ea.sbr
g:\quake3\quake-iii-arena\code\botlib\debug_ta\be_ea.obj
g:\quake3\quake-iii-arena\code\botlib\debug_ta\be_ai_weight.obj
g:\quake3\quake-iii-arena\code\botlib\debug_ta\be_ai_weap.obj
g:\quake3\quake-iii-arena\code\botlib\debug_ta\be_ai_move.obj
g:\quake3\quake-iii-arena\code\botlib\debug_ta\be_ai_goal.obj
g:\quake3\quake-iii-arena\code\botlib\debug_ta\be_ai_gen.obj
g:\quake3\quake-iii-arena\code\botlib\debug_ta\be_ai_chat.obj
g:\quake3\quake-iii-arena\code\botlib\debug_ta\be_ai_char.obj
g:\quake3\quake-iii-arena\code\botlib\debug_ta\be_aas_sample.obj
g:\quake3\quake-iii-arena\code\botlib\debug_ta\be_aas_routealt.obj
g:\quake3\quake-iii-arena\code\botlib\debug_ta\be_aas_route.obj
g:\quake3\quake-iii-arena\code\botlib\debug_ta\be_aas_reach.obj
g:\quake3\quake-iii-arena\code\botlib\debug_ta\be_aas_optimize.obj
g:\quake3\quake-iii-arena\code\botlib\debug_ta\be_aas_move.obj
g:\quake3\quake-iii-arena\code\botlib\debug_ta\be_aas_main.obj
g:\quake3\quake-iii-arena\code\botlib\debug_ta\be_aas_file.obj
g:\quake3\quake-iii-arena\code\botlib\debug_ta\be_aas_entity.obj
g:\quake3\quake-iii-arena\code\botlib\debug_ta\be_aas_debug.obj
g:\quake3\quake-iii-arena\code\botlib\debug_ta\be_aas_cluster.obj
g:\quake3\quake-iii-arena\code\botlib\debug_ta\be_aas_bspq3.obj
g:\quake3\quake-iii-arena\code\botlib\debug_ta\be_interface.sbr
g:\quake3\quake-iii-arena\code\botlib\debug_ta\l_crc.sbr
g:\quake3\quake-iii-arena\code\botlib\debug_ta\l_libvar.sbr
g:\quake3\quake-iii-arena\code\botlib\debug_ta\l_log.sbr
g:\quake3\quake-iii-arena\code\botlib\debug_ta\l_memory.sbr
g:\quake3\quake-iii-arena\code\botlib\debug_ta\l_precomp.sbr
g:\quake3\quake-iii-arena\code\botlib\debug_ta\l_script.sbr
g:\quake3\quake-iii-arena\code\botlib\debug_ta\l_struct.sbr
g:\quake3\quake-iii-arena\code\botlib\debug_ta\l_struct.obj
g:\quake3\quake-iii-arena\code\botlib\debug_ta\l_script.obj
g:\quake3\quake-iii-arena\code\botlib\debug_ta\l_precomp.obj
g:\quake3\quake-iii-arena\code\botlib\debug_ta\l_memory.obj
g:\quake3\quake-iii-arena\code\botlib\debug_ta\l_log.obj
g:\quake3\quake-iii-arena\code\botlib\debug_ta\l_libvar.obj
g:\quake3\quake-iii-arena\code\botlib\debug_ta\l_crc.obj
g:\quake3\quake-iii-arena\code\botlib\debug_ta\be_interface.obj
g:\quake3\quake-iii-arena\code\botlib\debug_ta\botlib.lib
g:\quake3\quake-iii-arena\code\botlib\debug_ta\botlib.tlog\bscmake.command.1.tlog
g:\quake3\quake-iii-arena\code\botlib\debug_ta\botlib.tlog\bscmake.read.1.tlog
g:\quake3\quake-iii-arena\code\botlib\debug_ta\botlib.tlog\bscmake.write.1.tlog
g:\quake3\quake-iii-arena\code\botlib\debug_ta\botlib.tlog\cl.command.1.tlog
g:\quake3\quake-iii-arena\code\botlib\debug_ta\botlib.tlog\cl.read.1.tlog
g:\quake3\quake-iii-arena\code\botlib\debug_ta\botlib.tlog\cl.write.1.tlog
g:\quake3\quake-iii-arena\code\botlib\debug_ta\botlib.tlog\lib-link.read.1.tlog
g:\quake3\quake-iii-arena\code\botlib\debug_ta\botlib.tlog\lib-link.write.1.tlog
g:\quake3\quake-iii-arena\code\botlib\debug_ta\botlib.tlog\lib.command.1.tlog
