g:\quake3\quake-iii-arena\code\ui\debug_ta\ui.bsc
g:\quake3\quake-iii-arena\code\ui\debug_ta\vc143.pdb
g:\quake3\quake-iii-arena\code\ui\debug_ta\vc143.idb
g:\quake3\quake-iii-arena\code\ui\debug_ta\bg_misc.sbr
g:\quake3\quake-iii-arena\code\ui\debug_ta\q_math.sbr
g:\quake3\quake-iii-arena\code\ui\debug_ta\q_shared.sbr
g:\quake3\quake-iii-arena\code\ui\debug_ta\ui_atoms.sbr
g:\quake3\quake-iii-arena\code\ui\debug_ta\ui_gameinfo.sbr
g:\quake3\quake-iii-arena\code\ui\debug_ta\ui_main.sbr
g:\quake3\quake-iii-arena\code\ui\debug_ta\ui_players.sbr
g:\quake3\quake-iii-arena\code\ui\debug_ta\ui_shared.sbr
g:\quake3\quake-iii-arena\code\ui\debug_ta\ui_syscalls.sbr
g:\quake3\quake-iii-arena\code\ui\debug_ta\ui_util.sbr
g:\quake3\quake-iii-arena\code\ui\debug_ta\ui_util.obj
g:\quake3\quake-iii-arena\code\ui\debug_ta\ui_syscalls.obj
g:\quake3\quake-iii-arena\code\ui\debug_ta\ui_shared.obj
g:\quake3\quake-iii-arena\code\ui\debug_ta\ui_players.obj
g:\quake3\quake-iii-arena\code\ui\debug_ta\ui_main.obj
g:\quake3\quake-iii-arena\code\ui\debug_ta\ui_gameinfo.obj
g:\quake3\quake-iii-arena\code\ui\debug_ta\ui_atoms.obj
g:\quake3\quake-iii-arena\code\ui\debug_ta\q_shared.obj
g:\quake3\quake-iii-arena\code\ui\debug_ta\q_math.obj
g:\quake3\quake-iii-arena\code\ui\debug_ta\bg_misc.obj
g:\quake3\quake-iii-arena\code\debug_ta\uix86.dll
g:\quake3\quake-iii-arena\code\ui\debug_ta\uix86.map
g:\quake3\quake-iii-arena\code\debug\ui.pdb
g:\quake3\quake-iii-arena\code\ui\debug_ta\uix86.lib
g:\quake3\quake-iii-arena\code\ui\debug_ta\uix86.exp
g:\quake3\quake-iii-arena\code\ui\debug_ta\ui.tlog\bscmake.command.1.tlog
g:\quake3\quake-iii-arena\code\ui\debug_ta\ui.tlog\bscmake.read.1.tlog
g:\quake3\quake-iii-arena\code\ui\debug_ta\ui.tlog\bscmake.write.1.tlog
g:\quake3\quake-iii-arena\code\ui\debug_ta\ui.tlog\cl.command.1.tlog
g:\quake3\quake-iii-arena\code\ui\debug_ta\ui.tlog\cl.read.1.tlog
g:\quake3\quake-iii-arena\code\ui\debug_ta\ui.tlog\cl.write.1.tlog
g:\quake3\quake-iii-arena\code\ui\debug_ta\ui.tlog\link.command.1.tlog
g:\quake3\quake-iii-arena\code\ui\debug_ta\ui.tlog\link.read.1.tlog
g:\quake3\quake-iii-arena\code\ui\debug_ta\ui.tlog\link.write.1.tlog
g:\quake3\quake-iii-arena\code\ui\debug_ta\ui.tlog\ui.write.1u.tlog
