g:\quake3\quake-iii-arena\code\game\debugaxp\vc143.pdb
g:\quake3\quake-iii-arena\code\game\debugaxp\g_mem.obj
g:\quake3\quake-iii-arena\code\game\debugaxp\g_main.obj
g:\quake3\quake-iii-arena\code\game\debugaxp\g_items.obj
g:\quake3\quake-iii-arena\code\game\debugaxp\g_combat.obj
g:\quake3\quake-iii-arena\code\game\debugaxp\g_cmds.obj
g:\quake3\quake-iii-arena\code\game\debugaxp\g_client.obj
g:\quake3\quake-iii-arena\code\game\debugaxp\g_bot.obj
g:\quake3\quake-iii-arena\code\game\debugaxp\g_arenas.obj
g:\quake3\quake-iii-arena\code\game\debugaxp\g_active.obj
g:\quake3\quake-iii-arena\code\game\debugaxp\bg_slidemove.obj
g:\quake3\quake-iii-arena\code\game\debugaxp\bg_pmove.obj
g:\quake3\quake-iii-arena\code\game\debugaxp\bg_misc.obj
g:\quake3\quake-iii-arena\code\game\debugaxp\bg_lib.obj
g:\quake3\quake-iii-arena\code\game\debugaxp\ai_vcmd.obj
g:\quake3\quake-iii-arena\code\game\debugaxp\ai_team.obj
g:\quake3\quake-iii-arena\code\game\debugaxp\ai_main.obj
g:\quake3\quake-iii-arena\code\game\debugaxp\ai_dmq3.obj
g:\quake3\quake-iii-arena\code\game\debugaxp\ai_dmnet.obj
g:\quake3\quake-iii-arena\code\game\debugaxp\ai_cmd.obj
g:\quake3\quake-iii-arena\code\game\debugaxp\ai_chat.obj
g:\quake3\quake-iii-arena\code\game\debugaxp\q_shared.obj
g:\quake3\quake-iii-arena\code\game\debugaxp\q_math.obj
g:\quake3\quake-iii-arena\code\game\debugaxp\g_weapon.obj
g:\quake3\quake-iii-arena\code\game\debugaxp\g_utils.obj
g:\quake3\quake-iii-arena\code\game\debugaxp\g_trigger.obj
g:\quake3\quake-iii-arena\code\game\debugaxp\g_team.obj
g:\quake3\quake-iii-arena\code\game\debugaxp\g_target.obj
g:\quake3\quake-iii-arena\code\game\debugaxp\g_syscalls.obj
g:\quake3\quake-iii-arena\code\game\debugaxp\g_svcmds.obj
g:\quake3\quake-iii-arena\code\game\debugaxp\g_spawn.obj
g:\quake3\quake-iii-arena\code\game\debugaxp\g_session.obj
g:\quake3\quake-iii-arena\code\game\debugaxp\g_mover.obj
g:\quake3\quake-iii-arena\code\game\debugaxp\g_missile.obj
g:\quake3\quake-iii-arena\code\game\debugaxp\g_misc.obj
g:\quake3\quake-iii-arena\code\debugaxp\qagameaxp.lib
g:\quake3\quake-iii-arena\code\debugaxp\qagameaxp.exp
g:\quake3\quake-iii-arena\code\debugaxp\qagameaxp.dll
g:\quake3\quake-iii-arena\code\debugaxp\qagameaxp.pdb
g:\quake3\quake-iii-arena\code\game\debugaxp\game.tlog\cl.command.1.tlog
g:\quake3\quake-iii-arena\code\game\debugaxp\game.tlog\cl.read.1.tlog
g:\quake3\quake-iii-arena\code\game\debugaxp\game.tlog\cl.write.1.tlog
g:\quake3\quake-iii-arena\code\game\debugaxp\game.tlog\game.write.1u.tlog
g:\quake3\quake-iii-arena\code\game\debugaxp\game.tlog\link.command.1.tlog
g:\quake3\quake-iii-arena\code\game\debugaxp\game.tlog\link.read.1.tlog
g:\quake3\quake-iii-arena\code\game\debugaxp\game.tlog\link.write.1.tlog
