g:\quake3\quake-iii-arena\code\cgame\debug_ta\cgame.bsc
g:\quake3\quake-iii-arena\code\cgame\debug_ta\cgamex86.lib
g:\quake3\quake-iii-arena\code\cgame\debug_ta\cgamex86.exp
g:\quake3\quake-iii-arena\code\cgame\debug_ta\vc143.pdb
g:\quake3\quake-iii-arena\code\cgame\debug_ta\vc143.idb
g:\quake3\quake-iii-arena\code\cgame\debug_ta\bg_misc.sbr
g:\quake3\quake-iii-arena\code\cgame\debug_ta\bg_pmove.sbr
g:\quake3\quake-iii-arena\code\cgame\debug_ta\bg_slidemove.sbr
g:\quake3\quake-iii-arena\code\cgame\debug_ta\q_math.sbr
g:\quake3\quake-iii-arena\code\cgame\debug_ta\q_shared.sbr
g:\quake3\quake-iii-arena\code\cgame\debug_ta\ui_shared.sbr
g:\quake3\quake-iii-arena\code\cgame\debug_ta\cg_consolecmds.sbr
g:\quake3\quake-iii-arena\code\cgame\debug_ta\cg_draw.sbr
g:\quake3\quake-iii-arena\code\cgame\debug_ta\cg_drawtools.sbr
g:\quake3\quake-iii-arena\code\cgame\debug_ta\cg_effects.sbr
g:\quake3\quake-iii-arena\code\cgame\debug_ta\cg_ents.sbr
g:\quake3\quake-iii-arena\code\cgame\debug_ta\cg_event.sbr
g:\quake3\quake-iii-arena\code\cgame\debug_ta\cg_info.sbr
g:\quake3\quake-iii-arena\code\cgame\debug_ta\cg_localents.sbr
g:\quake3\quake-iii-arena\code\cgame\debug_ta\cg_main.sbr
g:\quake3\quake-iii-arena\code\cgame\debug_ta\cg_marks.sbr
g:\quake3\quake-iii-arena\code\cgame\debug_ta\cg_newdraw.sbr
g:\quake3\quake-iii-arena\code\cgame\debug_ta\cg_players.sbr
g:\quake3\quake-iii-arena\code\cgame\debug_ta\cg_playerstate.sbr
g:\quake3\quake-iii-arena\code\cgame\debug_ta\cg_predict.sbr
g:\quake3\quake-iii-arena\code\cgame\debug_ta\cg_predict.obj
g:\quake3\quake-iii-arena\code\cgame\debug_ta\cg_playerstate.obj
g:\quake3\quake-iii-arena\code\cgame\debug_ta\cg_players.obj
g:\quake3\quake-iii-arena\code\cgame\debug_ta\cg_newdraw.obj
g:\quake3\quake-iii-arena\code\cgame\debug_ta\cg_marks.obj
g:\quake3\quake-iii-arena\code\cgame\debug_ta\cg_main.obj
g:\quake3\quake-iii-arena\code\cgame\debug_ta\cg_localents.obj
g:\quake3\quake-iii-arena\code\cgame\debug_ta\cg_info.obj
g:\quake3\quake-iii-arena\code\cgame\debug_ta\cg_event.obj
g:\quake3\quake-iii-arena\code\cgame\debug_ta\cg_ents.obj
g:\quake3\quake-iii-arena\code\cgame\debug_ta\cg_effects.obj
g:\quake3\quake-iii-arena\code\cgame\debug_ta\cg_drawtools.obj
g:\quake3\quake-iii-arena\code\cgame\debug_ta\cg_draw.obj
g:\quake3\quake-iii-arena\code\cgame\debug_ta\cg_consolecmds.obj
g:\quake3\quake-iii-arena\code\cgame\debug_ta\ui_shared.obj
g:\quake3\quake-iii-arena\code\cgame\debug_ta\q_shared.obj
g:\quake3\quake-iii-arena\code\cgame\debug_ta\q_math.obj
g:\quake3\quake-iii-arena\code\cgame\debug_ta\bg_slidemove.obj
g:\quake3\quake-iii-arena\code\cgame\debug_ta\bg_pmove.obj
g:\quake3\quake-iii-arena\code\cgame\debug_ta\bg_misc.obj
g:\quake3\quake-iii-arena\code\cgame\debug_ta\cg_scoreboard.sbr
g:\quake3\quake-iii-arena\code\cgame\debug_ta\cg_servercmds.sbr
g:\quake3\quake-iii-arena\code\cgame\debug_ta\cg_snapshot.sbr
g:\quake3\quake-iii-arena\code\cgame\debug_ta\cg_syscalls.sbr
g:\quake3\quake-iii-arena\code\cgame\debug_ta\cg_view.sbr
g:\quake3\quake-iii-arena\code\cgame\debug_ta\cg_weapons.sbr
g:\quake3\quake-iii-arena\code\cgame\debug_ta\cg_weapons.obj
g:\quake3\quake-iii-arena\code\cgame\debug_ta\cg_view.obj
g:\quake3\quake-iii-arena\code\cgame\debug_ta\cg_syscalls.obj
g:\quake3\quake-iii-arena\code\cgame\debug_ta\cg_snapshot.obj
g:\quake3\quake-iii-arena\code\cgame\debug_ta\cg_servercmds.obj
g:\quake3\quake-iii-arena\code\cgame\debug_ta\cg_scoreboard.obj
g:\quake3\quake-iii-arena\code\debug_ta\cgamex86.dll
g:\quake3\quake-iii-arena\code\cgame\debug_ta\cgamex86.map
g:\quake3\quake-iii-arena\code\cgame\debug_ta\cgamex86.pdb
g:\quake3\quake-iii-arena\code\cgame\debug_ta\cgame.tlog\bscmake.command.1.tlog
g:\quake3\quake-iii-arena\code\cgame\debug_ta\cgame.tlog\bscmake.read.1.tlog
g:\quake3\quake-iii-arena\code\cgame\debug_ta\cgame.tlog\bscmake.write.1.tlog
g:\quake3\quake-iii-arena\code\cgame\debug_ta\cgame.tlog\cgame.write.1u.tlog
g:\quake3\quake-iii-arena\code\cgame\debug_ta\cgame.tlog\cl.command.1.tlog
g:\quake3\quake-iii-arena\code\cgame\debug_ta\cgame.tlog\cl.read.1.tlog
g:\quake3\quake-iii-arena\code\cgame\debug_ta\cgame.tlog\cl.write.1.tlog
g:\quake3\quake-iii-arena\code\cgame\debug_ta\cgame.tlog\link.command.1.tlog
g:\quake3\quake-iii-arena\code\cgame\debug_ta\cgame.tlog\link.read.1.tlog
g:\quake3\quake-iii-arena\code\cgame\debug_ta\cgame.tlog\link.write.1.tlog
